<?xml version="1.0" encoding="UTF-8"?>
<!-- Generated by org.testng.reporters.JUnitReportReporter -->
<testsuite hostname="DESKTOP-JM0J9SK" failures="0" tests="1" name="testLayer.WindowHandle" time="10.395" errors="0" timestamp="2022-10-02T11:45:07 EDT" skipped="0">
  <testcase classname="testLayer.WindowHandle" name="windowHANDLE" time="10.395"/>
  <system-out/>
</testsuite> <!-- testLayer.WindowHandle -->
